TN:
SF:/Users/DjDream/Desktop/Andela/Politico-v1/src/app.js
FNF:0
FNH:0
DA:1,1
DA:2,1
DA:3,1
DA:5,1
DA:7,1
DA:8,1
DA:11,1
DA:12,1
LF:8
LH:8
BRF:0
BRH:0
end_of_record
TN:
SF:/Users/DjDream/Desktop/Andela/Politico-v1/src/Routes/offices.js
FNF:0
FNH:0
DA:1,1
DA:2,1
DA:4,1
DA:6,1
DA:7,1
DA:8,1
DA:9,1
LF:7
LH:7
BRF:0
BRH:0
end_of_record
TN:
SF:/Users/DjDream/Desktop/Andela/Politico-v1/src/Routes/parties.js
FNF:0
FNH:0
DA:1,1
DA:2,1
DA:4,1
DA:6,1
DA:7,1
DA:8,1
DA:9,1
LF:7
LH:7
BRF:0
BRH:0
end_of_record
TN:
SF:/Users/DjDream/Desktop/Andela/Politico-v1/src/controllers/offices.js
FNF:0
FNH:0
DA:1,1
DA:6,1
DA:7,1
DA:8,4
DA:9,1
DA:10,1
DA:13,1
DA:18,1
DA:23,1
DA:25,1
DA:27,1
DA:28,1
DA:33,0
DA:41,1
DA:42,1
DA:47,0
DA:54,1
DA:55,1
DA:56,1
DA:57,1
DA:58,1
DA:61,1
DA:62,1
DA:67,0
DA:74,1
DA:75,1
DA:76,1
DA:77,1
DA:78,1
DA:79,1
DA:80,1
DA:83,1
DA:84,1
DA:89,0
LF:34
LH:30
BRDA:8,0,0,1
BRDA:8,0,1,3
BRDA:27,1,0,1
BRDA:27,1,1,0
BRDA:41,2,0,1
BRDA:41,2,1,0
BRDA:56,3,0,1
BRDA:56,3,1,0
BRDA:61,4,0,1
BRDA:61,4,1,0
BRDA:77,5,0,1
BRDA:77,5,1,0
BRDA:83,6,0,1
BRDA:83,6,1,0
BRF:14
BRH:8
end_of_record
TN:
SF:/Users/DjDream/Desktop/Andela/Politico-v1/src/controllers/parties.js
FNF:0
FNH:0
DA:1,1
DA:6,1
DA:7,1
DA:8,4
DA:9,1
DA:10,1
DA:13,1
DA:17,1
DA:22,1
DA:24,1
DA:26,1
DA:27,1
DA:32,0
DA:39,1
DA:40,1
DA:45,0
DA:52,1
DA:53,1
DA:54,1
DA:55,1
DA:56,1
DA:59,1
DA:60,1
DA:65,0
DA:72,1
DA:73,1
DA:74,1
DA:75,1
DA:76,1
DA:77,1
DA:78,1
DA:81,1
DA:82,1
DA:87,0
LF:34
LH:30
BRDA:8,0,0,1
BRDA:8,0,1,3
BRDA:26,1,0,1
BRDA:26,1,1,0
BRDA:39,2,0,1
BRDA:39,2,1,0
BRDA:54,3,0,1
BRDA:54,3,1,0
BRDA:59,4,0,1
BRDA:59,4,1,0
BRDA:75,5,0,1
BRDA:75,5,1,0
BRDA:81,6,0,1
BRDA:81,6,1,0
BRF:14
BRH:8
end_of_record
TN:
SF:/Users/DjDream/Desktop/Andela/Politico-v1/src/models/offices.js
FNF:0
FNH:0
DA:1,1
LF:1
LH:1
BRF:0
BRH:0
end_of_record
TN:
SF:/Users/DjDream/Desktop/Andela/Politico-v1/src/models/parties.js
FNF:0
FNH:0
DA:1,1
LF:1
LH:1
BRF:0
BRH:0
end_of_record
TN:
SF:/Users/DjDream/Desktop/Andela/Politico-v1/src/tests/index.js
FNF:0
FNH:0
DA:1,1
DA:2,1
LF:2
LH:2
BRF:0
BRH:0
end_of_record
TN:
SF:/Users/DjDream/Desktop/Andela/Politico-v1/src/tests/offices.js
FN:11,(anonymous_1)
FN:12,(anonymous_2)
FN:20,(anonymous_3)
FN:29,(anonymous_4)
FN:30,(anonymous_5)
FN:31,(anonymous_6)
FN:39,(anonymous_7)
FN:40,(anonymous_8)
FN:41,(anonymous_9)
FN:49,(anonymous_10)
FN:50,(anonymous_11)
FN:51,(anonymous_12)
FNF:12
FNH:12
FNDA:1,(anonymous_1)
FNDA:1,(anonymous_2)
FNDA:1,(anonymous_3)
FNDA:1,(anonymous_4)
FNDA:1,(anonymous_5)
FNDA:1,(anonymous_6)
FNDA:1,(anonymous_7)
FNDA:1,(anonymous_8)
FNDA:1,(anonymous_9)
FNDA:1,(anonymous_10)
FNDA:1,(anonymous_11)
FNDA:1,(anonymous_12)
DA:3,1
DA:4,1
DA:5,1
DA:7,1
DA:8,1
DA:11,1
DA:12,1
DA:13,1
DA:21,1
DA:22,1
DA:23,1
DA:29,1
DA:30,1
DA:31,1
DA:32,1
DA:33,1
DA:34,1
DA:39,1
DA:40,1
DA:41,1
DA:42,1
DA:43,1
DA:44,1
DA:49,1
DA:50,1
DA:51,1
DA:52,1
DA:53,1
DA:54,1
LF:29
LH:29
BRF:0
BRH:0
end_of_record
TN:
SF:/Users/DjDream/Desktop/Andela/Politico-v1/src/tests/parties.js
FN:11,(anonymous_1)
FN:12,(anonymous_2)
FN:20,(anonymous_3)
FN:29,(anonymous_4)
FN:30,(anonymous_5)
FN:31,(anonymous_6)
FN:39,(anonymous_7)
FN:40,(anonymous_8)
FN:41,(anonymous_9)
FN:49,(anonymous_10)
FN:50,(anonymous_11)
FN:51,(anonymous_12)
FNF:12
FNH:12
FNDA:1,(anonymous_1)
FNDA:1,(anonymous_2)
FNDA:1,(anonymous_3)
FNDA:1,(anonymous_4)
FNDA:1,(anonymous_5)
FNDA:1,(anonymous_6)
FNDA:1,(anonymous_7)
FNDA:1,(anonymous_8)
FNDA:1,(anonymous_9)
FNDA:1,(anonymous_10)
FNDA:1,(anonymous_11)
FNDA:1,(anonymous_12)
DA:3,1
DA:4,1
DA:5,1
DA:7,1
DA:8,1
DA:11,1
DA:12,1
DA:13,1
DA:21,1
DA:22,1
DA:23,1
DA:29,1
DA:30,1
DA:31,1
DA:32,1
DA:33,1
DA:34,1
DA:39,1
DA:40,1
DA:41,1
DA:42,1
DA:43,1
DA:44,1
DA:49,1
DA:50,1
DA:51,1
DA:52,1
DA:53,1
DA:54,1
LF:29
LH:29
BRF:0
BRH:0
end_of_record
